<?xml version="1.0" encoding="UTF-8"?>
<coverage generated="1521319964593" clover="3.2.0">
  <project timestamp="1521319964593" name="All files">
    <metrics statements="85" coveredstatements="85" conditionals="10" coveredconditionals="9" methods="43" coveredmethods="43" elements="138" coveredelements="137" complexity="0" loc="85" ncloc="85" packages="2" files="5" classes="5">
      <package name="src">
        <metrics statements="41" coveredstatements="41" conditionals="4" coveredconditionals="4" methods="18" coveredmethods="18"/>
        <file name="index.js" path="/Users/az/Desktop/project-lvl2-s225/src/index.js">
          <metrics statements="41" coveredstatements="41" conditionals="4" coveredconditionals="4" methods="18" coveredmethods="18"/>
          <line num="8" count="1" type="stmt"/>
          <line num="14" count="16" type="stmt"/>
          <line num="16" count="1" type="stmt"/>
          <line num="17" count="16" type="stmt"/>
          <line num="18" count="16" type="stmt"/>
          <line num="21" count="1" type="stmt"/>
          <line num="23" count="15" type="stmt"/>
          <line num="28" count="82" type="cond" truecount="2" falsecount="0"/>
          <line num="31" count="23" type="stmt"/>
          <line num="37" count="67" type="stmt"/>
          <line num="40" count="8" type="stmt"/>
          <line num="46" count="44" type="cond" truecount="2" falsecount="0"/>
          <line num="49" count="13" type="stmt"/>
          <line num="54" count="36" type="stmt"/>
          <line num="57" count="23" type="stmt"/>
          <line num="61" count="23" type="stmt"/>
          <line num="65" count="1" type="stmt"/>
          <line num="66" count="82" type="stmt"/>
          <line num="67" count="252" type="stmt"/>
          <line num="69" count="82" type="stmt"/>
          <line num="72" count="1" type="stmt"/>
          <line num="73" count="23" type="stmt"/>
          <line num="74" count="23" type="stmt"/>
          <line num="75" count="23" type="stmt"/>
          <line num="77" count="23" type="stmt"/>
          <line num="85" count="23" type="stmt"/>
          <line num="86" count="82" type="stmt"/>
          <line num="88" count="82" type="stmt"/>
          <line num="94" count="23" type="stmt"/>
          <line num="97" count="8" type="stmt"/>
          <line num="99" count="1" type="stmt"/>
          <line num="100" count="8" type="stmt"/>
          <line num="101" count="8" type="stmt"/>
          <line num="103" count="8" type="stmt"/>
          <line num="104" count="8" type="stmt"/>
          <line num="105" count="8" type="stmt"/>
          <line num="106" count="8" type="stmt"/>
          <line num="108" count="8" type="stmt"/>
          <line num="109" count="8" type="stmt"/>
          <line num="110" count="8" type="stmt"/>
          <line num="112" count="8" type="stmt"/>
        </file>
      </package>
      <package name="src.renderers">
        <metrics statements="44" coveredstatements="44" conditionals="6" coveredconditionals="5" methods="25" coveredmethods="25"/>
        <file name="index.js" path="/Users/az/Desktop/project-lvl2-s225/src/renderers/index.js">
          <metrics statements="2" coveredstatements="2" conditionals="0" coveredconditionals="0" methods="1" coveredmethods="1"/>
          <line num="5" count="1" type="stmt"/>
          <line num="11" count="8" type="stmt"/>
        </file>
        <file name="json.js" path="/Users/az/Desktop/project-lvl2-s225/src/renderers/json.js">
          <metrics statements="3" coveredstatements="3" conditionals="0" coveredconditionals="0" methods="1" coveredmethods="1"/>
          <line num="1" count="1" type="stmt"/>
          <line num="2" count="1" type="stmt"/>
          <line num="3" count="1" type="stmt"/>
        </file>
        <file name="plain.js" path="/Users/az/Desktop/project-lvl2-s225/src/renderers/plain.js">
          <metrics statements="15" coveredstatements="15" conditionals="2" coveredconditionals="2" methods="11" coveredmethods="11"/>
          <line num="1" count="1" type="stmt"/>
          <line num="2" count="1" type="stmt"/>
          <line num="3" count="4" type="cond" truecount="2" falsecount="0"/>
          <line num="5" count="4" type="stmt"/>
          <line num="7" count="3" type="stmt"/>
          <line num="8" count="3" type="stmt"/>
          <line num="11" count="4" type="stmt"/>
          <line num="13" count="2" type="stmt"/>
          <line num="15" count="1" type="stmt"/>
          <line num="16" count="4" type="stmt"/>
          <line num="19" count="14" type="stmt"/>
          <line num="21" count="14" type="stmt"/>
          <line num="22" count="4" type="stmt"/>
          <line num="24" count="1" type="stmt"/>
          <line num="25" count="1" type="stmt"/>
        </file>
        <file name="tree.js" path="/Users/az/Desktop/project-lvl2-s225/src/renderers/tree.js">
          <metrics statements="24" coveredstatements="24" conditionals="4" coveredconditionals="3" methods="12" coveredmethods="12"/>
          <line num="1" count="1" type="stmt"/>
          <line num="2" count="6" type="stmt"/>
          <line num="3" count="15" type="stmt"/>
          <line num="4" count="15" type="stmt"/>
          <line num="5" count="15" type="stmt"/>
          <line num="7" count="15" type="stmt"/>
          <line num="8" count="39" type="stmt"/>
          <line num="9" count="165" type="cond" truecount="1" falsecount="1"/>
          <line num="12" count="39" type="stmt"/>
          <line num="15" count="15" type="stmt"/>
          <line num="16" count="39" type="stmt"/>
          <line num="17" count="39" type="stmt"/>
          <line num="18" count="39" type="cond" truecount="2" falsecount="0"/>
          <line num="21" count="15" type="stmt"/>
          <line num="23" count="9" type="stmt"/>
          <line num="25" count="15" type="stmt"/>
          <line num="27" count="15" type="stmt"/>
          <line num="29" count="9" type="stmt"/>
          <line num="31" count="6" type="stmt"/>
          <line num="34" count="54" type="stmt"/>
          <line num="36" count="54" type="stmt"/>
          <line num="37" count="15" type="stmt"/>
          <line num="39" count="6" type="stmt"/>
          <line num="40" count="6" type="stmt"/>
        </file>
      </package>
    </metrics>
  </project>
</coverage>
