{"/Users/az/Desktop/project-lvl2-s225/src/index.js": {"path":"/Users/az/Desktop/project-lvl2-s225/src/index.js","statementMap":{"0":{"start":{"line":8,"column":21},"end":{"line":12,"column":1}},"1":{"start":{"line":14,"column":18},"end":{"line":14,"column":52}},"2":{"start":{"line":14,"column":30},"end":{"line":14,"column":52}},"3":{"start":{"line":16,"column":18},"end":{"line":19,"column":1}},"4":{"start":{"line":17,"column":16},"end":{"line":17,"column":35}},"5":{"start":{"line":18,"column":2},"end":{"line":18,"column":21}},"6":{"start":{"line":21,"column":23},"end":{"line":63,"column":1}},"7":{"start":{"line":23,"column":44},"end":{"line":26,"column":5}},"8":{"start":{"line":28,"column":6},"end":{"line":28,"column":75}},"9":{"start":{"line":31,"column":40},"end":{"line":35,"column":5}},"10":{"start":{"line":37,"column":6},"end":{"line":37,"column":72}},"11":{"start":{"line":40,"column":40},"end":{"line":44,"column":5}},"12":{"start":{"line":46,"column":6},"end":{"line":46,"column":43}},"13":{"start":{"line":49,"column":26},"end":{"line":52,"column":5}},"14":{"start":{"line":54,"column":6},"end":{"line":54,"column":25}},"15":{"start":{"line":57,"column":40},"end":{"line":60,"column":5}},"16":{"start":{"line":61,"column":32},"end":{"line":61,"column":52}},"17":{"start":{"line":65,"column":21},"end":{"line":70,"column":1}},"18":{"start":{"line":66,"column":19},"end":{"line":67,"column":38}},"19":{"start":{"line":67,"column":4},"end":{"line":67,"column":37}},"20":{"start":{"line":69,"column":2},"end":{"line":69,"column":51}},"21":{"start":{"line":72,"column":17},"end":{"line":95,"column":1}},"22":{"start":{"line":73,"column":25},"end":{"line":73,"column":48}},"23":{"start":{"line":74,"column":24},"end":{"line":74,"column":46}},"24":{"start":{"line":75,"column":20},"end":{"line":75,"column":58}},"25":{"start":{"line":77,"column":21},"end":{"line":83,"column":3}},"26":{"start":{"line":85,"column":14},"end":{"line":93,"column":4}},"27":{"start":{"line":86,"column":22},"end":{"line":86,"column":72}},"28":{"start":{"line":88,"column":4},"end":{"line":92,"column":6}},"29":{"start":{"line":94,"column":2},"end":{"line":94,"column":13}},"30":{"start":{"line":97,"column":16},"end":{"line":97,"column":44}},"31":{"start":{"line":97,"column":32},"end":{"line":97,"column":44}},"32":{"start":{"line":99,"column":16},"end":{"line":113,"column":1}},"33":{"start":{"line":100,"column":25},"end":{"line":100,"column":49}},"34":{"start":{"line":101,"column":24},"end":{"line":101,"column":47}},"35":{"start":{"line":103,"column":21},"end":{"line":103,"column":56}},"36":{"start":{"line":104,"column":20},"end":{"line":104,"column":54}},"37":{"start":{"line":105,"column":27},"end":{"line":105,"column":64}},"38":{"start":{"line":106,"column":26},"end":{"line":106,"column":61}},"39":{"start":{"line":108,"column":14},"end":{"line":108,"column":57}},"40":{"start":{"line":109,"column":17},"end":{"line":109,"column":41}},"41":{"start":{"line":110,"column":21},"end":{"line":110,"column":32}},"42":{"start":{"line":112,"column":2},"end":{"line":112,"column":29}}},"fnMap":{"0":{"name":"(anonymous_0)","decl":{"start":{"line":14,"column":18},"end":{"line":14,"column":19}},"loc":{"start":{"line":14,"column":30},"end":{"line":14,"column":52}},"line":14},"1":{"name":"(anonymous_1)","decl":{"start":{"line":16,"column":18},"end":{"line":16,"column":19}},"loc":{"start":{"line":16,"column":38},"end":{"line":19,"column":1}},"line":16},"2":{"name":"(anonymous_2)","decl":{"start":{"line":23,"column":10},"end":{"line":23,"column":11}},"loc":{"start":{"line":23,"column":44},"end":{"line":26,"column":5}},"line":23},"3":{"name":"(anonymous_3)","decl":{"start":{"line":27,"column":11},"end":{"line":27,"column":12}},"loc":{"start":{"line":28,"column":6},"end":{"line":28,"column":75}},"line":28},"4":{"name":"(anonymous_4)","decl":{"start":{"line":31,"column":10},"end":{"line":31,"column":11}},"loc":{"start":{"line":31,"column":40},"end":{"line":35,"column":5}},"line":31},"5":{"name":"(anonymous_5)","decl":{"start":{"line":36,"column":11},"end":{"line":36,"column":12}},"loc":{"start":{"line":37,"column":6},"end":{"line":37,"column":72}},"line":37},"6":{"name":"(anonymous_6)","decl":{"start":{"line":40,"column":10},"end":{"line":40,"column":11}},"loc":{"start":{"line":40,"column":40},"end":{"line":44,"column":5}},"line":40},"7":{"name":"(anonymous_7)","decl":{"start":{"line":45,"column":11},"end":{"line":45,"column":12}},"loc":{"start":{"line":46,"column":6},"end":{"line":46,"column":43}},"line":46},"8":{"name":"(anonymous_8)","decl":{"start":{"line":49,"column":10},"end":{"line":49,"column":11}},"loc":{"start":{"line":49,"column":26},"end":{"line":52,"column":5}},"line":49},"9":{"name":"(anonymous_9)","decl":{"start":{"line":53,"column":11},"end":{"line":53,"column":12}},"loc":{"start":{"line":54,"column":6},"end":{"line":54,"column":25}},"line":54},"10":{"name":"(anonymous_10)","decl":{"start":{"line":57,"column":10},"end":{"line":57,"column":11}},"loc":{"start":{"line":57,"column":40},"end":{"line":60,"column":5}},"line":57},"11":{"name":"(anonymous_11)","decl":{"start":{"line":61,"column":11},"end":{"line":61,"column":12}},"loc":{"start":{"line":61,"column":32},"end":{"line":61,"column":52}},"line":61},"12":{"name":"(anonymous_12)","decl":{"start":{"line":65,"column":21},"end":{"line":65,"column":22}},"loc":{"start":{"line":65,"column":57},"end":{"line":70,"column":1}},"line":65},"13":{"name":"(anonymous_13)","decl":{"start":{"line":66,"column":42},"end":{"line":66,"column":43}},"loc":{"start":{"line":67,"column":4},"end":{"line":67,"column":37}},"line":67},"14":{"name":"(anonymous_14)","decl":{"start":{"line":72,"column":17},"end":{"line":72,"column":18}},"loc":{"start":{"line":72,"column":44},"end":{"line":95,"column":1}},"line":72},"15":{"name":"(anonymous_15)","decl":{"start":{"line":85,"column":28},"end":{"line":85,"column":29}},"loc":{"start":{"line":85,"column":37},"end":{"line":93,"column":3}},"line":85},"16":{"name":"(anonymous_16)","decl":{"start":{"line":97,"column":16},"end":{"line":97,"column":17}},"loc":{"start":{"line":97,"column":32},"end":{"line":97,"column":44}},"line":97},"17":{"name":"(anonymous_17)","decl":{"start":{"line":99,"column":16},"end":{"line":99,"column":17}},"loc":{"start":{"line":99,"column":56},"end":{"line":113,"column":1}},"line":99}},"branchMap":{"0":{"loc":{"start":{"line":28,"column":6},"end":{"line":28,"column":75}},"type":"binary-expr","locations":[{"start":{"line":28,"column":6},"end":{"line":28,"column":38}},{"start":{"line":28,"column":42},"end":{"line":28,"column":75}}],"line":28},"1":{"loc":{"start":{"line":46,"column":6},"end":{"line":46,"column":43}},"type":"binary-expr","locations":[{"start":{"line":46,"column":6},"end":{"line":46,"column":22}},{"start":{"line":46,"column":26},"end":{"line":46,"column":43}}],"line":46}},"s":{"0":1,"1":1,"2":16,"3":1,"4":16,"5":16,"6":1,"7":15,"8":82,"9":23,"10":67,"11":8,"12":44,"13":13,"14":36,"15":23,"16":23,"17":1,"18":82,"19":252,"20":82,"21":1,"22":23,"23":23,"24":23,"25":23,"26":23,"27":82,"28":82,"29":23,"30":1,"31":8,"32":1,"33":8,"34":8,"35":8,"36":8,"37":8,"38":8,"39":8,"40":8,"41":8,"42":8},"f":{"0":16,"1":16,"2":15,"3":82,"4":23,"5":67,"6":8,"7":44,"8":13,"9":36,"10":23,"11":23,"12":82,"13":252,"14":23,"15":82,"16":8,"17":8},"b":{"0":[82,25],"1":[44,31]},"_coverageSchema":"332fd63041d2c1bcb487cc26dd0d5f7d97098a6c","hash":"05b151e59028eb3be8f7669ae3dc3f9ea79137a2"}
,"/Users/az/Desktop/project-lvl2-s225/src/renderers/index.js": {"path":"/Users/az/Desktop/project-lvl2-s225/src/renderers/index.js","statementMap":{"0":{"start":{"line":5,"column":21},"end":{"line":9,"column":1}},"1":{"start":{"line":11,"column":15},"end":{"line":11,"column":41}},"2":{"start":{"line":11,"column":23},"end":{"line":11,"column":41}}},"fnMap":{"0":{"name":"(anonymous_0)","decl":{"start":{"line":11,"column":15},"end":{"line":11,"column":16}},"loc":{"start":{"line":11,"column":23},"end":{"line":11,"column":41}},"line":11}},"branchMap":{},"s":{"0":1,"1":1,"2":8},"f":{"0":8},"b":{},"_coverageSchema":"332fd63041d2c1bcb487cc26dd0d5f7d97098a6c","hash":"2ef854240dbc12bcb8d0f5f4d68762b1318452aa"}
,"/Users/az/Desktop/project-lvl2-s225/src/renderers/json.js": {"path":"/Users/az/Desktop/project-lvl2-s225/src/renderers/json.js","statementMap":{"0":{"start":{"line":1,"column":21},"end":{"line":4,"column":1}},"1":{"start":{"line":2,"column":17},"end":{"line":2,"column":36}},"2":{"start":{"line":3,"column":2},"end":{"line":3,"column":23}}},"fnMap":{"0":{"name":"(anonymous_0)","decl":{"start":{"line":1,"column":21},"end":{"line":1,"column":22}},"loc":{"start":{"line":1,"column":30},"end":{"line":4,"column":1}},"line":1}},"branchMap":{},"s":{"0":1,"1":1,"2":1},"f":{"0":1},"b":{},"_coverageSchema":"332fd63041d2c1bcb487cc26dd0d5f7d97098a6c","hash":"37b81f94890dc3a2a2a22df22d56c22aff820ace"}
,"/Users/az/Desktop/project-lvl2-s225/src/renderers/plain.js": {"path":"/Users/az/Desktop/project-lvl2-s225/src/renderers/plain.js","statementMap":{"0":{"start":{"line":1,"column":20},"end":{"line":26,"column":1}},"1":{"start":{"line":2,"column":15},"end":{"line":23,"column":3}},"2":{"start":{"line":3,"column":30},"end":{"line":3,"column":84}},"3":{"start":{"line":3,"column":38},"end":{"line":3,"column":83}},"4":{"start":{"line":5,"column":25},"end":{"line":17,"column":5}},"5":{"start":{"line":7,"column":27},"end":{"line":7,"column":51}},"6":{"start":{"line":8,"column":8},"end":{"line":8,"column":47}},"7":{"start":{"line":11,"column":8},"end":{"line":11,"column":102}},"8":{"start":{"line":13,"column":8},"end":{"line":13,"column":54}},"9":{"start":{"line":15,"column":8},"end":{"line":15,"column":106}},"10":{"start":{"line":16,"column":23},"end":{"line":16,"column":25}},"11":{"start":{"line":19,"column":22},"end":{"line":19,"column":56}},"12":{"start":{"line":19,"column":29},"end":{"line":19,"column":56}},"13":{"start":{"line":21,"column":19},"end":{"line":21,"column":67}},"14":{"start":{"line":21,"column":36},"end":{"line":21,"column":51}},"15":{"start":{"line":21,"column":65},"end":{"line":21,"column":66}},"16":{"start":{"line":22,"column":4},"end":{"line":22,"column":29}},"17":{"start":{"line":24,"column":17},"end":{"line":24,"column":30}},"18":{"start":{"line":25,"column":2},"end":{"line":25,"column":25}}},"fnMap":{"0":{"name":"(anonymous_0)","decl":{"start":{"line":1,"column":20},"end":{"line":1,"column":21}},"loc":{"start":{"line":1,"column":29},"end":{"line":26,"column":1}},"line":1},"1":{"name":"(anonymous_1)","decl":{"start":{"line":2,"column":15},"end":{"line":2,"column":16}},"loc":{"start":{"line":2,"column":34},"end":{"line":23,"column":3}},"line":2},"2":{"name":"(anonymous_2)","decl":{"start":{"line":3,"column":30},"end":{"line":3,"column":31}},"loc":{"start":{"line":3,"column":38},"end":{"line":3,"column":83}},"line":3},"3":{"name":"(anonymous_3)","decl":{"start":{"line":6,"column":14},"end":{"line":6,"column":15}},"loc":{"start":{"line":6,"column":24},"end":{"line":9,"column":7}},"line":6},"4":{"name":"(anonymous_4)","decl":{"start":{"line":10,"column":13},"end":{"line":10,"column":14}},"loc":{"start":{"line":11,"column":8},"end":{"line":11,"column":102}},"line":11},"5":{"name":"(anonymous_5)","decl":{"start":{"line":12,"column":15},"end":{"line":12,"column":16}},"loc":{"start":{"line":13,"column":8},"end":{"line":13,"column":54}},"line":13},"6":{"name":"(anonymous_6)","decl":{"start":{"line":14,"column":15},"end":{"line":14,"column":16}},"loc":{"start":{"line":15,"column":8},"end":{"line":15,"column":106}},"line":15},"7":{"name":"(anonymous_7)","decl":{"start":{"line":16,"column":17},"end":{"line":16,"column":18}},"loc":{"start":{"line":16,"column":23},"end":{"line":16,"column":25}},"line":16},"8":{"name":"(anonymous_8)","decl":{"start":{"line":19,"column":22},"end":{"line":19,"column":23}},"loc":{"start":{"line":19,"column":29},"end":{"line":19,"column":56}},"line":19},"9":{"name":"(anonymous_9)","decl":{"start":{"line":21,"column":28},"end":{"line":21,"column":29}},"loc":{"start":{"line":21,"column":36},"end":{"line":21,"column":51}},"line":21},"10":{"name":"(anonymous_10)","decl":{"start":{"line":21,"column":60},"end":{"line":21,"column":61}},"loc":{"start":{"line":21,"column":65},"end":{"line":21,"column":66}},"line":21}},"branchMap":{"0":{"loc":{"start":{"line":3,"column":38},"end":{"line":3,"column":83}},"type":"cond-expr","locations":[{"start":{"line":3,"column":62},"end":{"line":3,"column":77}},{"start":{"line":3,"column":80},"end":{"line":3,"column":83}}],"line":3}},"s":{"0":1,"1":1,"2":4,"3":4,"4":4,"5":3,"6":3,"7":4,"8":2,"9":1,"10":4,"11":4,"12":14,"13":4,"14":14,"15":14,"16":4,"17":1,"18":1},"f":{"0":1,"1":4,"2":4,"3":3,"4":4,"5":2,"6":1,"7":4,"8":14,"9":14,"10":14},"b":{"0":[2,2]},"_coverageSchema":"332fd63041d2c1bcb487cc26dd0d5f7d97098a6c","hash":"fbb82d93530d184e3533cb65e30b8a5240db76e4"}
,"/Users/az/Desktop/project-lvl2-s225/src/renderers/tree.js": {"path":"/Users/az/Desktop/project-lvl2-s225/src/renderers/tree.js","statementMap":{"0":{"start":{"line":1,"column":21},"end":{"line":41,"column":1}},"1":{"start":{"line":2,"column":15},"end":{"line":38,"column":3}},"2":{"start":{"line":3,"column":19},"end":{"line":3,"column":40}},"3":{"start":{"line":4,"column":24},"end":{"line":4,"column":49}},"4":{"start":{"line":5,"column":24},"end":{"line":5,"column":49}},"5":{"start":{"line":7,"column":24},"end":{"line":13,"column":5}},"6":{"start":{"line":8,"column":19},"end":{"line":8,"column":35}},"7":{"start":{"line":9,"column":18},"end":{"line":10,"column":31}},"8":{"start":{"line":9,"column":35},"end":{"line":10,"column":29}},"9":{"start":{"line":12,"column":6},"end":{"line":12,"column":58}},"10":{"start":{"line":15,"column":24},"end":{"line":19,"column":5}},"11":{"start":{"line":16,"column":31},"end":{"line":16,"column":89}},"12":{"start":{"line":17,"column":30},"end":{"line":17,"column":41}},"13":{"start":{"line":18,"column":6},"end":{"line":18,"column":74}},"14":{"start":{"line":21,"column":25},"end":{"line":32,"column":5}},"15":{"start":{"line":23,"column":8},"end":{"line":23,"column":91}},"16":{"start":{"line":25,"column":8},"end":{"line":25,"column":64}},"17":{"start":{"line":27,"column":8},"end":{"line":27,"column":64}},"18":{"start":{"line":29,"column":8},"end":{"line":29,"column":65}},"19":{"start":{"line":31,"column":8},"end":{"line":31,"column":99}},"20":{"start":{"line":34,"column":22},"end":{"line":34,"column":59}},"21":{"start":{"line":34,"column":30},"end":{"line":34,"column":59}},"22":{"start":{"line":36,"column":16},"end":{"line":36,"column":49}},"23":{"start":{"line":36,"column":33},"end":{"line":36,"column":48}},"24":{"start":{"line":37,"column":4},"end":{"line":37,"column":26}},"25":{"start":{"line":39,"column":17},"end":{"line":39,"column":29}},"26":{"start":{"line":40,"column":2},"end":{"line":40,"column":29}}},"fnMap":{"0":{"name":"(anonymous_0)","decl":{"start":{"line":1,"column":21},"end":{"line":1,"column":22}},"loc":{"start":{"line":1,"column":30},"end":{"line":41,"column":1}},"line":1},"1":{"name":"(anonymous_1)","decl":{"start":{"line":2,"column":15},"end":{"line":2,"column":16}},"loc":{"start":{"line":2,"column":36},"end":{"line":38,"column":3}},"line":2},"2":{"name":"(anonymous_2)","decl":{"start":{"line":7,"column":24},"end":{"line":7,"column":25}},"loc":{"start":{"line":7,"column":33},"end":{"line":13,"column":5}},"line":7},"3":{"name":"(anonymous_3)","decl":{"start":{"line":9,"column":27},"end":{"line":9,"column":28}},"loc":{"start":{"line":9,"column":35},"end":{"line":10,"column":29}},"line":9},"4":{"name":"(anonymous_4)","decl":{"start":{"line":15,"column":24},"end":{"line":15,"column":25}},"loc":{"start":{"line":15,"column":35},"end":{"line":19,"column":5}},"line":15},"5":{"name":"(anonymous_5)","decl":{"start":{"line":22,"column":14},"end":{"line":22,"column":15}},"loc":{"start":{"line":23,"column":8},"end":{"line":23,"column":91}},"line":23},"6":{"name":"(anonymous_6)","decl":{"start":{"line":24,"column":17},"end":{"line":24,"column":18}},"loc":{"start":{"line":25,"column":8},"end":{"line":25,"column":64}},"line":25},"7":{"name":"(anonymous_7)","decl":{"start":{"line":26,"column":13},"end":{"line":26,"column":14}},"loc":{"start":{"line":27,"column":8},"end":{"line":27,"column":64}},"line":27},"8":{"name":"(anonymous_8)","decl":{"start":{"line":28,"column":15},"end":{"line":28,"column":16}},"loc":{"start":{"line":29,"column":8},"end":{"line":29,"column":65}},"line":29},"9":{"name":"(anonymous_9)","decl":{"start":{"line":30,"column":15},"end":{"line":30,"column":16}},"loc":{"start":{"line":31,"column":8},"end":{"line":31,"column":99}},"line":31},"10":{"name":"(anonymous_10)","decl":{"start":{"line":34,"column":22},"end":{"line":34,"column":23}},"loc":{"start":{"line":34,"column":30},"end":{"line":34,"column":59}},"line":34},"11":{"name":"(anonymous_11)","decl":{"start":{"line":36,"column":25},"end":{"line":36,"column":26}},"loc":{"start":{"line":36,"column":33},"end":{"line":36,"column":48}},"line":36}},"branchMap":{"0":{"loc":{"start":{"line":9,"column":35},"end":{"line":10,"column":29}},"type":"cond-expr","locations":[{"start":{"line":9,"column":64},"end":{"line":9,"column":85}},{"start":{"line":10,"column":8},"end":{"line":10,"column":29}}],"line":9},"1":{"loc":{"start":{"line":18,"column":13},"end":{"line":18,"column":73}},"type":"cond-expr","locations":[{"start":{"line":18,"column":39},"end":{"line":18,"column":55}},{"start":{"line":18,"column":58},"end":{"line":18,"column":73}}],"line":18}},"s":{"0":1,"1":6,"2":15,"3":15,"4":15,"5":15,"6":39,"7":39,"8":165,"9":39,"10":15,"11":39,"12":39,"13":39,"14":15,"15":9,"16":15,"17":15,"18":9,"19":6,"20":15,"21":54,"22":15,"23":54,"24":15,"25":6,"26":6},"f":{"0":6,"1":15,"2":39,"3":165,"4":39,"5":9,"6":15,"7":15,"8":9,"9":6,"10":54,"11":54},"b":{"0":[0,165],"1":[9,30]},"_coverageSchema":"332fd63041d2c1bcb487cc26dd0d5f7d97098a6c","hash":"0842b71c97b668a6623ba78a75248c534f8b408a"}
}
