TN:
SF:/Users/az/Desktop/project-lvl2-s225/src/index.js
FN:14,(anonymous_0)
FN:16,(anonymous_1)
FN:23,(anonymous_2)
FN:27,(anonymous_3)
FN:31,(anonymous_4)
FN:36,(anonymous_5)
FN:40,(anonymous_6)
FN:45,(anonymous_7)
FN:49,(anonymous_8)
FN:53,(anonymous_9)
FN:57,(anonymous_10)
FN:61,(anonymous_11)
FN:65,(anonymous_12)
FN:66,(anonymous_13)
FN:72,(anonymous_14)
FN:85,(anonymous_15)
FN:97,(anonymous_16)
FN:99,(anonymous_17)
FNF:18
FNH:18
FNDA:16,(anonymous_0)
FNDA:16,(anonymous_1)
FNDA:15,(anonymous_2)
FNDA:82,(anonymous_3)
FNDA:23,(anonymous_4)
FNDA:67,(anonymous_5)
FNDA:8,(anonymous_6)
FNDA:44,(anonymous_7)
FNDA:13,(anonymous_8)
FNDA:36,(anonymous_9)
FNDA:23,(anonymous_10)
FNDA:23,(anonymous_11)
FNDA:82,(anonymous_12)
FNDA:252,(anonymous_13)
FNDA:23,(anonymous_14)
FNDA:82,(anonymous_15)
FNDA:8,(anonymous_16)
FNDA:8,(anonymous_17)
DA:8,1
DA:14,16
DA:16,1
DA:17,16
DA:18,16
DA:21,1
DA:23,15
DA:28,82
DA:31,23
DA:37,67
DA:40,8
DA:46,44
DA:49,13
DA:54,36
DA:57,23
DA:61,23
DA:65,1
DA:66,82
DA:67,252
DA:69,82
DA:72,1
DA:73,23
DA:74,23
DA:75,23
DA:77,23
DA:85,23
DA:86,82
DA:88,82
DA:94,23
DA:97,8
DA:99,1
DA:100,8
DA:101,8
DA:103,8
DA:104,8
DA:105,8
DA:106,8
DA:108,8
DA:109,8
DA:110,8
DA:112,8
LF:41
LH:41
BRDA:28,0,0,82
BRDA:28,0,1,25
BRDA:46,1,0,44
BRDA:46,1,1,31
BRF:4
BRH:4
end_of_record
TN:
SF:/Users/az/Desktop/project-lvl2-s225/src/renderers/index.js
FN:11,(anonymous_0)
FNF:1
FNH:1
FNDA:8,(anonymous_0)
DA:5,1
DA:11,8
LF:2
LH:2
BRF:0
BRH:0
end_of_record
TN:
SF:/Users/az/Desktop/project-lvl2-s225/src/renderers/json.js
FN:1,(anonymous_0)
FNF:1
FNH:1
FNDA:1,(anonymous_0)
DA:1,1
DA:2,1
DA:3,1
LF:3
LH:3
BRF:0
BRH:0
end_of_record
TN:
SF:/Users/az/Desktop/project-lvl2-s225/src/renderers/plain.js
FN:1,(anonymous_0)
FN:2,(anonymous_1)
FN:3,(anonymous_2)
FN:6,(anonymous_3)
FN:10,(anonymous_4)
FN:12,(anonymous_5)
FN:14,(anonymous_6)
FN:16,(anonymous_7)
FN:19,(anonymous_8)
FN:21,(anonymous_9)
FN:21,(anonymous_10)
FNF:11
FNH:11
FNDA:1,(anonymous_0)
FNDA:4,(anonymous_1)
FNDA:4,(anonymous_2)
FNDA:3,(anonymous_3)
FNDA:4,(anonymous_4)
FNDA:2,(anonymous_5)
FNDA:1,(anonymous_6)
FNDA:4,(anonymous_7)
FNDA:14,(anonymous_8)
FNDA:14,(anonymous_9)
FNDA:14,(anonymous_10)
DA:1,1
DA:2,1
DA:3,4
DA:5,4
DA:7,3
DA:8,3
DA:11,4
DA:13,2
DA:15,1
DA:16,4
DA:19,14
DA:21,14
DA:22,4
DA:24,1
DA:25,1
LF:15
LH:15
BRDA:3,0,0,2
BRDA:3,0,1,2
BRF:2
BRH:2
end_of_record
TN:
SF:/Users/az/Desktop/project-lvl2-s225/src/renderers/tree.js
FN:1,(anonymous_0)
FN:2,(anonymous_1)
FN:7,(anonymous_2)
FN:9,(anonymous_3)
FN:15,(anonymous_4)
FN:22,(anonymous_5)
FN:24,(anonymous_6)
FN:26,(anonymous_7)
FN:28,(anonymous_8)
FN:30,(anonymous_9)
FN:34,(anonymous_10)
FN:36,(anonymous_11)
FNF:12
FNH:12
FNDA:6,(anonymous_0)
FNDA:15,(anonymous_1)
FNDA:39,(anonymous_2)
FNDA:165,(anonymous_3)
FNDA:39,(anonymous_4)
FNDA:9,(anonymous_5)
FNDA:15,(anonymous_6)
FNDA:15,(anonymous_7)
FNDA:9,(anonymous_8)
FNDA:6,(anonymous_9)
FNDA:54,(anonymous_10)
FNDA:54,(anonymous_11)
DA:1,1
DA:2,6
DA:3,15
DA:4,15
DA:5,15
DA:7,15
DA:8,39
DA:9,165
DA:12,39
DA:15,15
DA:16,39
DA:17,39
DA:18,39
DA:21,15
DA:23,9
DA:25,15
DA:27,15
DA:29,9
DA:31,6
DA:34,54
DA:36,54
DA:37,15
DA:39,6
DA:40,6
LF:24
LH:24
BRDA:9,0,0,0
BRDA:9,0,1,165
BRDA:18,1,0,9
BRDA:18,1,1,30
BRF:4
BRH:3
end_of_record
